{"/Users/facundofarias/Repos/Nuclio/picturest-node/src/config.js": {"path":"/Users/facundofarias/Repos/Nuclio/picturest-node/src/config.js","statementMap":{"0":{"start":{"line":1,"column":19},"end":{"line":6,"column":1}},"1":{"start":{"line":8,"column":0},"end":{"line":8,"column":28}}},"fnMap":{},"branchMap":{},"s":{"0":2,"1":2},"f":{},"b":{},"_coverageSchema":"1a1c01bbd47fc00a2c39e90264f33305004495a9","hash":"ef4c4da57be4d3c70437774efb81fc6cf25647b9"}
,"/Users/facundofarias/Repos/Nuclio/picturest-node/src/server.js": {"path":"/Users/facundofarias/Repos/Nuclio/picturest-node/src/server.js","statementMap":{"0":{"start":{"line":1,"column":16},"end":{"line":1,"column":34}},"1":{"start":{"line":2,"column":29},"end":{"line":2,"column":51}},"2":{"start":{"line":3,"column":15},"end":{"line":3,"column":32}},"3":{"start":{"line":4,"column":15},"end":{"line":4,"column":37}},"4":{"start":{"line":5,"column":13},"end":{"line":5,"column":28}},"5":{"start":{"line":6,"column":19},"end":{"line":6,"column":58}},"6":{"start":{"line":7,"column":19},"end":{"line":7,"column":58}},"7":{"start":{"line":8,"column":20},"end":{"line":8,"column":61}},"8":{"start":{"line":9,"column":21},"end":{"line":9,"column":64}},"9":{"start":{"line":10,"column":12},"end":{"line":10,"column":34}},"10":{"start":{"line":11,"column":15},"end":{"line":11,"column":32}},"11":{"start":{"line":13,"column":0},"end":{"line":13,"column":16}},"12":{"start":{"line":14,"column":12},"end":{"line":14,"column":21}},"13":{"start":{"line":16,"column":0},"end":{"line":16,"column":16}},"14":{"start":{"line":17,"column":0},"end":{"line":17,"column":16}},"15":{"start":{"line":18,"column":0},"end":{"line":18,"column":40}},"16":{"start":{"line":19,"column":0},"end":{"line":19,"column":23}},"17":{"start":{"line":20,"column":0},"end":{"line":20,"column":28}},"18":{"start":{"line":22,"column":0},"end":{"line":22,"column":25}},"19":{"start":{"line":23,"column":0},"end":{"line":23,"column":33}},"20":{"start":{"line":24,"column":0},"end":{"line":24,"column":35}},"21":{"start":{"line":25,"column":0},"end":{"line":25,"column":37}},"22":{"start":{"line":26,"column":0},"end":{"line":28,"column":3}},"23":{"start":{"line":27,"column":2},"end":{"line":27,"column":49}},"24":{"start":{"line":30,"column":0},"end":{"line":32,"column":3}},"25":{"start":{"line":31,"column":2},"end":{"line":31,"column":24}},"26":{"start":{"line":34,"column":14},"end":{"line":42,"column":1}},"27":{"start":{"line":35,"column":2},"end":{"line":41,"column":3}},"28":{"start":{"line":36,"column":4},"end":{"line":38,"column":7}},"29":{"start":{"line":37,"column":6},"end":{"line":37,"column":69}},"30":{"start":{"line":40,"column":4},"end":{"line":40,"column":21}},"31":{"start":{"line":44,"column":0},"end":{"line":47,"column":2}}},"fnMap":{"0":{"name":"(anonymous_0)","decl":{"start":{"line":26,"column":24},"end":{"line":26,"column":25}},"loc":{"start":{"line":26,"column":38},"end":{"line":28,"column":1}},"line":26},"1":{"name":"(anonymous_1)","decl":{"start":{"line":30,"column":90},"end":{"line":30,"column":91}},"loc":{"start":{"line":30,"column":104},"end":{"line":32,"column":1}},"line":30},"2":{"name":"(anonymous_2)","decl":{"start":{"line":34,"column":14},"end":{"line":34,"column":15}},"loc":{"start":{"line":34,"column":26},"end":{"line":42,"column":1}},"line":34},"3":{"name":"(anonymous_3)","decl":{"start":{"line":36,"column":28},"end":{"line":36,"column":29}},"loc":{"start":{"line":36,"column":34},"end":{"line":38,"column":5}},"line":36}},"branchMap":{},"s":{"0":2,"1":2,"2":2,"3":2,"4":2,"5":2,"6":2,"7":2,"8":2,"9":2,"10":2,"11":2,"12":2,"13":2,"14":2,"15":2,"16":2,"17":2,"18":2,"19":2,"20":2,"21":2,"22":2,"23":1,"24":2,"25":0,"26":2,"27":0,"28":0,"29":0,"30":0,"31":2},"f":{"0":1,"1":0,"2":0,"3":0},"b":{},"_coverageSchema":"1a1c01bbd47fc00a2c39e90264f33305004495a9","hash":"b9ebf6b1368090d9ca75251f95782412b62a73c9"}
,"/Users/facundofarias/Repos/Nuclio/picturest-node/src/resources/auth/auth.controller.js": {"path":"/Users/facundofarias/Repos/Nuclio/picturest-node/src/resources/auth/auth.controller.js","statementMap":{"0":{"start":{"line":1,"column":18},"end":{"line":1,"column":49}},"1":{"start":{"line":2,"column":12},"end":{"line":2,"column":35}},"2":{"start":{"line":4,"column":14},"end":{"line":15,"column":1}},"3":{"start":{"line":5,"column":32},"end":{"line":5,"column":40}},"4":{"start":{"line":6,"column":17},"end":{"line":6,"column":50}},"5":{"start":{"line":7,"column":4},"end":{"line":14,"column":5}},"6":{"start":{"line":9,"column":20},"end":{"line":9,"column":85}},"7":{"start":{"line":10,"column":6},"end":{"line":10,"column":22}},"8":{"start":{"line":13,"column":6},"end":{"line":13,"column":61}},"9":{"start":{"line":17,"column":0},"end":{"line":19,"column":2}}},"fnMap":{"0":{"name":"(anonymous_0)","decl":{"start":{"line":4,"column":14},"end":{"line":4,"column":15}},"loc":{"start":{"line":4,"column":33},"end":{"line":15,"column":1}},"line":4}},"branchMap":{"0":{"loc":{"start":{"line":7,"column":4},"end":{"line":14,"column":5}},"type":"if","locations":[{"start":{"line":7,"column":4},"end":{"line":14,"column":5}},{"start":{"line":7,"column":4},"end":{"line":14,"column":5}}],"line":7}},"s":{"0":2,"1":2,"2":2,"3":2,"4":2,"5":2,"6":1,"7":1,"8":1,"9":2},"f":{"0":2},"b":{"0":[1,1]},"_coverageSchema":"1a1c01bbd47fc00a2c39e90264f33305004495a9","hash":"312c4d452fe06e2b2869e51f5edc157e3a8d62e5"}
,"/Users/facundofarias/Repos/Nuclio/picturest-node/src/resources/auth/auth.router.js": {"path":"/Users/facundofarias/Repos/Nuclio/picturest-node/src/resources/auth/auth.router.js","statementMap":{"0":{"start":{"line":1,"column":19},"end":{"line":1,"column":37}},"1":{"start":{"line":2,"column":23},"end":{"line":2,"column":51}},"2":{"start":{"line":3,"column":15},"end":{"line":3,"column":23}},"3":{"start":{"line":5,"column":0},"end":{"line":5,"column":50}},"4":{"start":{"line":7,"column":0},"end":{"line":7,"column":24}}},"fnMap":{},"branchMap":{},"s":{"0":2,"1":2,"2":2,"3":2,"4":2},"f":{},"b":{},"_coverageSchema":"1a1c01bbd47fc00a2c39e90264f33305004495a9","hash":"ba572ea744b4a4610b9056072dc6532c11f9e995"}
,"/Users/facundofarias/Repos/Nuclio/picturest-node/src/resources/boards/boards.controller.js": {"path":"/Users/facundofarias/Repos/Nuclio/picturest-node/src/resources/boards/boards.controller.js","statementMap":{"0":{"start":{"line":1,"column":20},"end":{"line":1,"column":45}},"1":{"start":{"line":2,"column":18},"end":{"line":2,"column":47}},"2":{"start":{"line":4,"column":15},"end":{"line":7,"column":1}},"3":{"start":{"line":5,"column":17},"end":{"line":5,"column":40}},"4":{"start":{"line":6,"column":2},"end":{"line":6,"column":38}},"5":{"start":{"line":9,"column":15},"end":{"line":15,"column":1}},"6":{"start":{"line":10,"column":16},"end":{"line":10,"column":52}},"7":{"start":{"line":11,"column":2},"end":{"line":13,"column":3}},"8":{"start":{"line":12,"column":4},"end":{"line":12,"column":39}},"9":{"start":{"line":14,"column":2},"end":{"line":14,"column":31}},"10":{"start":{"line":17,"column":23},"end":{"line":22,"column":1}},"11":{"start":{"line":18,"column":15},"end":{"line":20,"column":4}},"12":{"start":{"line":21,"column":2},"end":{"line":21,"column":36}},"13":{"start":{"line":24,"column":15},"end":{"line":28,"column":1}},"14":{"start":{"line":25,"column":19},"end":{"line":25,"column":27}},"15":{"start":{"line":26,"column":24},"end":{"line":26,"column":52}},"16":{"start":{"line":27,"column":2},"end":{"line":27,"column":45}},"17":{"start":{"line":30,"column":15},"end":{"line":34,"column":1}},"18":{"start":{"line":31,"column":23},"end":{"line":31,"column":31}},"19":{"start":{"line":32,"column":24},"end":{"line":32,"column":77}},"20":{"start":{"line":33,"column":2},"end":{"line":33,"column":45}},"21":{"start":{"line":36,"column":15},"end":{"line":39,"column":1}},"22":{"start":{"line":37,"column":2},"end":{"line":37,"column":36}},"23":{"start":{"line":38,"column":2},"end":{"line":38,"column":60}},"24":{"start":{"line":41,"column":0},"end":{"line":48,"column":2}}},"fnMap":{"0":{"name":"(anonymous_0)","decl":{"start":{"line":4,"column":15},"end":{"line":4,"column":16}},"loc":{"start":{"line":4,"column":35},"end":{"line":7,"column":1}},"line":4},"1":{"name":"(anonymous_1)","decl":{"start":{"line":9,"column":15},"end":{"line":9,"column":16}},"loc":{"start":{"line":9,"column":35},"end":{"line":15,"column":1}},"line":9},"2":{"name":"(anonymous_2)","decl":{"start":{"line":17,"column":23},"end":{"line":17,"column":24}},"loc":{"start":{"line":17,"column":43},"end":{"line":22,"column":1}},"line":17},"3":{"name":"(anonymous_3)","decl":{"start":{"line":24,"column":15},"end":{"line":24,"column":16}},"loc":{"start":{"line":24,"column":29},"end":{"line":28,"column":1}},"line":24},"4":{"name":"(anonymous_4)","decl":{"start":{"line":30,"column":15},"end":{"line":30,"column":16}},"loc":{"start":{"line":30,"column":35},"end":{"line":34,"column":1}},"line":30},"5":{"name":"(anonymous_5)","decl":{"start":{"line":36,"column":15},"end":{"line":36,"column":16}},"loc":{"start":{"line":36,"column":29},"end":{"line":39,"column":1}},"line":36}},"branchMap":{"0":{"loc":{"start":{"line":11,"column":2},"end":{"line":13,"column":3}},"type":"if","locations":[{"start":{"line":11,"column":2},"end":{"line":13,"column":3}},{"start":{"line":11,"column":2},"end":{"line":13,"column":3}}],"line":11}},"s":{"0":2,"1":2,"2":2,"3":0,"4":0,"5":2,"6":0,"7":0,"8":0,"9":0,"10":2,"11":0,"12":0,"13":2,"14":0,"15":0,"16":0,"17":2,"18":0,"19":0,"20":0,"21":2,"22":0,"23":0,"24":2},"f":{"0":0,"1":0,"2":0,"3":0,"4":0,"5":0},"b":{"0":[0,0]},"_coverageSchema":"1a1c01bbd47fc00a2c39e90264f33305004495a9","hash":"efec68fd72c5f33f32d108f760b50b5a69245a6f"}
,"/Users/facundofarias/Repos/Nuclio/picturest-node/src/resources/boards/boards.model.js": {"path":"/Users/facundofarias/Repos/Nuclio/picturest-node/src/resources/boards/boards.model.js","statementMap":{"0":{"start":{"line":1,"column":17},"end":{"line":1,"column":36}},"1":{"start":{"line":4,"column":25},"end":{"line":22,"column":2}},"2":{"start":{"line":25,"column":14},"end":{"line":25,"column":60}},"3":{"start":{"line":27,"column":15},"end":{"line":35,"column":1}},"4":{"start":{"line":28,"column":2},"end":{"line":34,"column":5}},"5":{"start":{"line":29,"column":4},"end":{"line":33,"column":5}},"6":{"start":{"line":30,"column":6},"end":{"line":30,"column":23}},"7":{"start":{"line":32,"column":6},"end":{"line":32,"column":43}},"8":{"start":{"line":37,"column":12},"end":{"line":40,"column":1}},"9":{"start":{"line":38,"column":14},"end":{"line":38,"column":25}},"10":{"start":{"line":39,"column":2},"end":{"line":39,"column":55}},"11":{"start":{"line":42,"column":12},"end":{"line":44,"column":1}},"12":{"start":{"line":43,"column":2},"end":{"line":43,"column":59}},"13":{"start":{"line":46,"column":15},"end":{"line":55,"column":1}},"14":{"start":{"line":47,"column":14},"end":{"line":47,"column":25}},"15":{"start":{"line":48,"column":2},"end":{"line":54,"column":5}},"16":{"start":{"line":49,"column":4},"end":{"line":53,"column":5}},"17":{"start":{"line":50,"column":6},"end":{"line":50,"column":23}},"18":{"start":{"line":52,"column":6},"end":{"line":52,"column":42}},"19":{"start":{"line":57,"column":15},"end":{"line":66,"column":1}},"20":{"start":{"line":58,"column":14},"end":{"line":58,"column":25}},"21":{"start":{"line":59,"column":2},"end":{"line":65,"column":5}},"22":{"start":{"line":60,"column":4},"end":{"line":64,"column":5}},"23":{"start":{"line":61,"column":6},"end":{"line":61,"column":23}},"24":{"start":{"line":63,"column":6},"end":{"line":63,"column":43}},"25":{"start":{"line":68,"column":0},"end":{"line":74,"column":2}}},"fnMap":{"0":{"name":"(anonymous_0)","decl":{"start":{"line":27,"column":15},"end":{"line":27,"column":16}},"loc":{"start":{"line":27,"column":26},"end":{"line":35,"column":1}},"line":27},"1":{"name":"(anonymous_1)","decl":{"start":{"line":28,"column":22},"end":{"line":28,"column":23}},"loc":{"start":{"line":28,"column":43},"end":{"line":34,"column":3}},"line":28},"2":{"name":"(anonymous_2)","decl":{"start":{"line":37,"column":12},"end":{"line":37,"column":13}},"loc":{"start":{"line":37,"column":26},"end":{"line":40,"column":1}},"line":37},"3":{"name":"(anonymous_3)","decl":{"start":{"line":42,"column":12},"end":{"line":42,"column":13}},"loc":{"start":{"line":42,"column":24},"end":{"line":44,"column":1}},"line":42},"4":{"name":"(anonymous_4)","decl":{"start":{"line":46,"column":15},"end":{"line":46,"column":16}},"loc":{"start":{"line":46,"column":23},"end":{"line":55,"column":1}},"line":46},"5":{"name":"(anonymous_5)","decl":{"start":{"line":48,"column":25},"end":{"line":48,"column":26}},"loc":{"start":{"line":48,"column":46},"end":{"line":54,"column":3}},"line":48},"6":{"name":"(anonymous_6)","decl":{"start":{"line":57,"column":15},"end":{"line":57,"column":16}},"loc":{"start":{"line":57,"column":37},"end":{"line":66,"column":1}},"line":57},"7":{"name":"(anonymous_7)","decl":{"start":{"line":59,"column":39},"end":{"line":59,"column":40}},"loc":{"start":{"line":59,"column":60},"end":{"line":65,"column":3}},"line":59}},"branchMap":{"0":{"loc":{"start":{"line":29,"column":4},"end":{"line":33,"column":5}},"type":"if","locations":[{"start":{"line":29,"column":4},"end":{"line":33,"column":5}},{"start":{"line":29,"column":4},"end":{"line":33,"column":5}}],"line":29},"1":{"loc":{"start":{"line":49,"column":4},"end":{"line":53,"column":5}},"type":"if","locations":[{"start":{"line":49,"column":4},"end":{"line":53,"column":5}},{"start":{"line":49,"column":4},"end":{"line":53,"column":5}}],"line":49},"2":{"loc":{"start":{"line":60,"column":4},"end":{"line":64,"column":5}},"type":"if","locations":[{"start":{"line":60,"column":4},"end":{"line":64,"column":5}},{"start":{"line":60,"column":4},"end":{"line":64,"column":5}}],"line":60}},"s":{"0":2,"1":2,"2":2,"3":2,"4":0,"5":0,"6":0,"7":0,"8":2,"9":0,"10":0,"11":2,"12":0,"13":2,"14":0,"15":0,"16":0,"17":0,"18":0,"19":2,"20":0,"21":0,"22":0,"23":0,"24":0,"25":2},"f":{"0":0,"1":0,"2":0,"3":0,"4":0,"5":0,"6":0,"7":0},"b":{"0":[0,0],"1":[0,0],"2":[0,0]},"_coverageSchema":"1a1c01bbd47fc00a2c39e90264f33305004495a9","hash":"3ba088a0f4174a01d0fc46213e7e2d959ce10aa0"}
,"/Users/facundofarias/Repos/Nuclio/picturest-node/src/resources/boards/boards.router.js": {"path":"/Users/facundofarias/Repos/Nuclio/picturest-node/src/resources/boards/boards.router.js","statementMap":{"0":{"start":{"line":1,"column":19},"end":{"line":1,"column":37}},"1":{"start":{"line":2,"column":25},"end":{"line":2,"column":55}},"2":{"start":{"line":3,"column":15},"end":{"line":3,"column":23}},"3":{"start":{"line":5,"column":0},"end":{"line":5,"column":77}},"4":{"start":{"line":7,"column":0},"end":{"line":11,"column":35}},"5":{"start":{"line":13,"column":0},"end":{"line":13,"column":63}},"6":{"start":{"line":15,"column":0},"end":{"line":15,"column":24}}},"fnMap":{},"branchMap":{},"s":{"0":2,"1":2,"2":2,"3":2,"4":2,"5":2,"6":2},"f":{},"b":{},"_coverageSchema":"1a1c01bbd47fc00a2c39e90264f33305004495a9","hash":"78d78e1da09272af370427ecd2b8b54f9dbd9d4c"}
,"/Users/facundofarias/Repos/Nuclio/picturest-node/src/resources/pins/pins.controller.js": {"path":"/Users/facundofarias/Repos/Nuclio/picturest-node/src/resources/pins/pins.controller.js","statementMap":{"0":{"start":{"line":1,"column":18},"end":{"line":1,"column":41}},"1":{"start":{"line":3,"column":15},"end":{"line":6,"column":1}},"2":{"start":{"line":4,"column":15},"end":{"line":4,"column":36}},"3":{"start":{"line":5,"column":2},"end":{"line":5,"column":36}},"4":{"start":{"line":8,"column":15},"end":{"line":14,"column":1}},"5":{"start":{"line":9,"column":14},"end":{"line":9,"column":48}},"6":{"start":{"line":10,"column":2},"end":{"line":12,"column":3}},"7":{"start":{"line":11,"column":4},"end":{"line":11,"column":37}},"8":{"start":{"line":13,"column":2},"end":{"line":13,"column":31}},"9":{"start":{"line":16,"column":15},"end":{"line":20,"column":1}},"10":{"start":{"line":17,"column":17},"end":{"line":17,"column":25}},"11":{"start":{"line":18,"column":22},"end":{"line":18,"column":46}},"12":{"start":{"line":19,"column":2},"end":{"line":19,"column":43}},"13":{"start":{"line":22,"column":15},"end":{"line":26,"column":1}},"14":{"start":{"line":23,"column":21},"end":{"line":23,"column":29}},"15":{"start":{"line":24,"column":22},"end":{"line":24,"column":71}},"16":{"start":{"line":25,"column":2},"end":{"line":25,"column":43}},"17":{"start":{"line":28,"column":15},"end":{"line":31,"column":1}},"18":{"start":{"line":29,"column":2},"end":{"line":29,"column":37}},"19":{"start":{"line":30,"column":2},"end":{"line":30,"column":58}},"20":{"start":{"line":33,"column":0},"end":{"line":39,"column":2}}},"fnMap":{"0":{"name":"(anonymous_0)","decl":{"start":{"line":3,"column":15},"end":{"line":3,"column":16}},"loc":{"start":{"line":3,"column":35},"end":{"line":6,"column":1}},"line":3},"1":{"name":"(anonymous_1)","decl":{"start":{"line":8,"column":15},"end":{"line":8,"column":16}},"loc":{"start":{"line":8,"column":35},"end":{"line":14,"column":1}},"line":8},"2":{"name":"(anonymous_2)","decl":{"start":{"line":16,"column":15},"end":{"line":16,"column":16}},"loc":{"start":{"line":16,"column":29},"end":{"line":20,"column":1}},"line":16},"3":{"name":"(anonymous_3)","decl":{"start":{"line":22,"column":15},"end":{"line":22,"column":16}},"loc":{"start":{"line":22,"column":35},"end":{"line":26,"column":1}},"line":22},"4":{"name":"(anonymous_4)","decl":{"start":{"line":28,"column":15},"end":{"line":28,"column":16}},"loc":{"start":{"line":28,"column":29},"end":{"line":31,"column":1}},"line":28}},"branchMap":{"0":{"loc":{"start":{"line":10,"column":2},"end":{"line":12,"column":3}},"type":"if","locations":[{"start":{"line":10,"column":2},"end":{"line":12,"column":3}},{"start":{"line":10,"column":2},"end":{"line":12,"column":3}}],"line":10}},"s":{"0":2,"1":2,"2":0,"3":0,"4":2,"5":0,"6":0,"7":0,"8":0,"9":2,"10":0,"11":0,"12":0,"13":2,"14":0,"15":0,"16":0,"17":2,"18":0,"19":0,"20":2},"f":{"0":0,"1":0,"2":0,"3":0,"4":0},"b":{"0":[0,0]},"_coverageSchema":"1a1c01bbd47fc00a2c39e90264f33305004495a9","hash":"53b0057417d23f847e7406d782fff64d8016e593"}
,"/Users/facundofarias/Repos/Nuclio/picturest-node/src/resources/pins/pins.model.js": {"path":"/Users/facundofarias/Repos/Nuclio/picturest-node/src/resources/pins/pins.model.js","statementMap":{"0":{"start":{"line":1,"column":17},"end":{"line":1,"column":36}},"1":{"start":{"line":3,"column":23},"end":{"line":18,"column":2}},"2":{"start":{"line":20,"column":12},"end":{"line":20,"column":54}},"3":{"start":{"line":22,"column":15},"end":{"line":24,"column":1}},"4":{"start":{"line":23,"column":2},"end":{"line":23,"column":31}},"5":{"start":{"line":26,"column":12},"end":{"line":28,"column":1}},"6":{"start":{"line":27,"column":2},"end":{"line":27,"column":26}},"7":{"start":{"line":30,"column":15},"end":{"line":32,"column":1}},"8":{"start":{"line":31,"column":2},"end":{"line":31,"column":35}},"9":{"start":{"line":34,"column":15},"end":{"line":36,"column":1}},"10":{"start":{"line":35,"column":2},"end":{"line":35,"column":31}},"11":{"start":{"line":38,"column":15},"end":{"line":40,"column":1}},"12":{"start":{"line":39,"column":2},"end":{"line":39,"column":54}},"13":{"start":{"line":42,"column":18},"end":{"line":44,"column":1}},"14":{"start":{"line":43,"column":2},"end":{"line":43,"column":39}},"15":{"start":{"line":46,"column":0},"end":{"line":52,"column":2}}},"fnMap":{"0":{"name":"(anonymous_0)","decl":{"start":{"line":22,"column":15},"end":{"line":22,"column":16}},"loc":{"start":{"line":22,"column":30},"end":{"line":24,"column":1}},"line":22},"1":{"name":"(anonymous_1)","decl":{"start":{"line":26,"column":12},"end":{"line":26,"column":13}},"loc":{"start":{"line":26,"column":24},"end":{"line":28,"column":1}},"line":26},"2":{"name":"(anonymous_2)","decl":{"start":{"line":30,"column":15},"end":{"line":30,"column":16}},"loc":{"start":{"line":30,"column":29},"end":{"line":32,"column":1}},"line":30},"3":{"name":"(anonymous_3)","decl":{"start":{"line":34,"column":15},"end":{"line":34,"column":16}},"loc":{"start":{"line":34,"column":32},"end":{"line":36,"column":1}},"line":34},"4":{"name":"(anonymous_4)","decl":{"start":{"line":38,"column":15},"end":{"line":38,"column":16}},"loc":{"start":{"line":38,"column":41},"end":{"line":40,"column":1}},"line":38},"5":{"name":"(anonymous_5)","decl":{"start":{"line":42,"column":18},"end":{"line":42,"column":19}},"loc":{"start":{"line":42,"column":32},"end":{"line":44,"column":1}},"line":42}},"branchMap":{},"s":{"0":2,"1":2,"2":2,"3":2,"4":0,"5":2,"6":0,"7":2,"8":0,"9":2,"10":0,"11":2,"12":0,"13":2,"14":0,"15":2},"f":{"0":0,"1":0,"2":0,"3":0,"4":0,"5":0},"b":{},"_coverageSchema":"1a1c01bbd47fc00a2c39e90264f33305004495a9","hash":"784c343227dc95630a907846e04fca11a9b634ae"}
,"/Users/facundofarias/Repos/Nuclio/picturest-node/src/resources/pins/pins.router.js": {"path":"/Users/facundofarias/Repos/Nuclio/picturest-node/src/resources/pins/pins.router.js","statementMap":{"0":{"start":{"line":1,"column":19},"end":{"line":1,"column":37}},"1":{"start":{"line":2,"column":23},"end":{"line":2,"column":51}},"2":{"start":{"line":3,"column":15},"end":{"line":3,"column":23}},"3":{"start":{"line":5,"column":0},"end":{"line":7,"column":31}},"4":{"start":{"line":9,"column":0},"end":{"line":13,"column":33}},"5":{"start":{"line":15,"column":0},"end":{"line":15,"column":24}}},"fnMap":{},"branchMap":{},"s":{"0":2,"1":2,"2":2,"3":2,"4":2,"5":2},"f":{},"b":{},"_coverageSchema":"1a1c01bbd47fc00a2c39e90264f33305004495a9","hash":"d805528602667d3d92fa91fa7aa33207d05a6ffc"}
,"/Users/facundofarias/Repos/Nuclio/picturest-node/src/resources/users/users.controller.js": {"path":"/Users/facundofarias/Repos/Nuclio/picturest-node/src/resources/users/users.controller.js","statementMap":{"0":{"start":{"line":1,"column":18},"end":{"line":1,"column":42}},"1":{"start":{"line":2,"column":29},"end":{"line":2,"column":57}},"2":{"start":{"line":4,"column":15},"end":{"line":7,"column":1}},"3":{"start":{"line":5,"column":16},"end":{"line":5,"column":37}},"4":{"start":{"line":6,"column":2},"end":{"line":6,"column":37}},"5":{"start":{"line":9,"column":15},"end":{"line":16,"column":1}},"6":{"start":{"line":10,"column":15},"end":{"line":10,"column":49}},"7":{"start":{"line":11,"column":2},"end":{"line":14,"column":3}},"8":{"start":{"line":12,"column":4},"end":{"line":12,"column":30}},"9":{"start":{"line":13,"column":4},"end":{"line":13,"column":38}},"10":{"start":{"line":15,"column":2},"end":{"line":15,"column":31}},"11":{"start":{"line":18,"column":15},"end":{"line":29,"column":1}},"12":{"start":{"line":20,"column":17},"end":{"line":20,"column":38}},"13":{"start":{"line":21,"column":2},"end":{"line":24,"column":3}},"14":{"start":{"line":22,"column":4},"end":{"line":22,"column":62}},"15":{"start":{"line":23,"column":4},"end":{"line":23,"column":60}},"16":{"start":{"line":26,"column":18},"end":{"line":26,"column":26}},"17":{"start":{"line":27,"column":23},"end":{"line":27,"column":48}},"18":{"start":{"line":28,"column":2},"end":{"line":28,"column":44}},"19":{"start":{"line":31,"column":15},"end":{"line":35,"column":1}},"20":{"start":{"line":32,"column":22},"end":{"line":32,"column":30}},"21":{"start":{"line":33,"column":23},"end":{"line":33,"column":67}},"22":{"start":{"line":34,"column":2},"end":{"line":34,"column":44}},"23":{"start":{"line":37,"column":15},"end":{"line":40,"column":1}},"24":{"start":{"line":38,"column":33},"end":{"line":38,"column":64}},"25":{"start":{"line":39,"column":2},"end":{"line":39,"column":54}},"26":{"start":{"line":42,"column":0},"end":{"line":48,"column":2}}},"fnMap":{"0":{"name":"(anonymous_0)","decl":{"start":{"line":4,"column":15},"end":{"line":4,"column":16}},"loc":{"start":{"line":4,"column":35},"end":{"line":7,"column":1}},"line":4},"1":{"name":"(anonymous_1)","decl":{"start":{"line":9,"column":15},"end":{"line":9,"column":16}},"loc":{"start":{"line":9,"column":35},"end":{"line":16,"column":1}},"line":9},"2":{"name":"(anonymous_2)","decl":{"start":{"line":18,"column":15},"end":{"line":18,"column":16}},"loc":{"start":{"line":18,"column":29},"end":{"line":29,"column":1}},"line":18},"3":{"name":"(anonymous_3)","decl":{"start":{"line":31,"column":15},"end":{"line":31,"column":16}},"loc":{"start":{"line":31,"column":29},"end":{"line":35,"column":1}},"line":31},"4":{"name":"(anonymous_4)","decl":{"start":{"line":37,"column":15},"end":{"line":37,"column":16}},"loc":{"start":{"line":37,"column":29},"end":{"line":40,"column":1}},"line":37}},"branchMap":{"0":{"loc":{"start":{"line":11,"column":2},"end":{"line":14,"column":3}},"type":"if","locations":[{"start":{"line":11,"column":2},"end":{"line":14,"column":3}},{"start":{"line":11,"column":2},"end":{"line":14,"column":3}}],"line":11},"1":{"loc":{"start":{"line":21,"column":2},"end":{"line":24,"column":3}},"type":"if","locations":[{"start":{"line":21,"column":2},"end":{"line":24,"column":3}},{"start":{"line":21,"column":2},"end":{"line":24,"column":3}}],"line":21}},"s":{"0":2,"1":2,"2":2,"3":1,"4":1,"5":2,"6":0,"7":0,"8":0,"9":0,"10":0,"11":2,"12":6,"13":6,"14":2,"15":2,"16":4,"17":4,"18":4,"19":2,"20":0,"21":0,"22":0,"23":2,"24":0,"25":0,"26":2},"f":{"0":1,"1":0,"2":6,"3":0,"4":0},"b":{"0":[0,0],"1":[2,4]},"_coverageSchema":"1a1c01bbd47fc00a2c39e90264f33305004495a9","hash":"6a854eb9d8cdf8b30918ef0bcd31d0522e4326ca"}
,"/Users/facundofarias/Repos/Nuclio/picturest-node/src/resources/users/users.model.js": {"path":"/Users/facundofarias/Repos/Nuclio/picturest-node/src/resources/users/users.model.js","statementMap":{"0":{"start":{"line":1,"column":17},"end":{"line":1,"column":36}},"1":{"start":{"line":4,"column":24},"end":{"line":17,"column":2}},"2":{"start":{"line":20,"column":13},"end":{"line":20,"column":57}},"3":{"start":{"line":22,"column":15},"end":{"line":30,"column":1}},"4":{"start":{"line":23,"column":2},"end":{"line":29,"column":5}},"5":{"start":{"line":24,"column":4},"end":{"line":28,"column":5}},"6":{"start":{"line":25,"column":6},"end":{"line":25,"column":23}},"7":{"start":{"line":27,"column":6},"end":{"line":27,"column":43}},"8":{"start":{"line":32,"column":12},"end":{"line":35,"column":1}},"9":{"start":{"line":33,"column":14},"end":{"line":33,"column":25}},"10":{"start":{"line":34,"column":2},"end":{"line":34,"column":35}},"11":{"start":{"line":37,"column":19},"end":{"line":40,"column":1}},"12":{"start":{"line":38,"column":14},"end":{"line":38,"column":30}},"13":{"start":{"line":39,"column":2},"end":{"line":39,"column":35}},"14":{"start":{"line":42,"column":12},"end":{"line":44,"column":1}},"15":{"start":{"line":43,"column":2},"end":{"line":43,"column":27}},"16":{"start":{"line":46,"column":15},"end":{"line":55,"column":1}},"17":{"start":{"line":47,"column":14},"end":{"line":47,"column":25}},"18":{"start":{"line":48,"column":2},"end":{"line":54,"column":5}},"19":{"start":{"line":49,"column":4},"end":{"line":53,"column":5}},"20":{"start":{"line":50,"column":6},"end":{"line":50,"column":23}},"21":{"start":{"line":52,"column":6},"end":{"line":52,"column":42}},"22":{"start":{"line":57,"column":15},"end":{"line":66,"column":1}},"23":{"start":{"line":58,"column":14},"end":{"line":58,"column":25}},"24":{"start":{"line":59,"column":2},"end":{"line":65,"column":5}},"25":{"start":{"line":60,"column":4},"end":{"line":64,"column":5}},"26":{"start":{"line":61,"column":6},"end":{"line":61,"column":23}},"27":{"start":{"line":63,"column":6},"end":{"line":63,"column":43}},"28":{"start":{"line":68,"column":0},"end":{"line":75,"column":2}}},"fnMap":{"0":{"name":"(anonymous_0)","decl":{"start":{"line":22,"column":15},"end":{"line":22,"column":16}},"loc":{"start":{"line":22,"column":25},"end":{"line":30,"column":1}},"line":22},"1":{"name":"(anonymous_1)","decl":{"start":{"line":23,"column":20},"end":{"line":23,"column":21}},"loc":{"start":{"line":23,"column":41},"end":{"line":29,"column":3}},"line":23},"2":{"name":"(anonymous_2)","decl":{"start":{"line":32,"column":12},"end":{"line":32,"column":13}},"loc":{"start":{"line":32,"column":26},"end":{"line":35,"column":1}},"line":32},"3":{"name":"(anonymous_3)","decl":{"start":{"line":37,"column":19},"end":{"line":37,"column":20}},"loc":{"start":{"line":37,"column":36},"end":{"line":40,"column":1}},"line":37},"4":{"name":"(anonymous_4)","decl":{"start":{"line":42,"column":12},"end":{"line":42,"column":13}},"loc":{"start":{"line":42,"column":24},"end":{"line":44,"column":1}},"line":42},"5":{"name":"(anonymous_5)","decl":{"start":{"line":46,"column":15},"end":{"line":46,"column":16}},"loc":{"start":{"line":46,"column":23},"end":{"line":55,"column":1}},"line":46},"6":{"name":"(anonymous_6)","decl":{"start":{"line":48,"column":24},"end":{"line":48,"column":25}},"loc":{"start":{"line":48,"column":45},"end":{"line":54,"column":3}},"line":48},"7":{"name":"(anonymous_7)","decl":{"start":{"line":57,"column":15},"end":{"line":57,"column":16}},"loc":{"start":{"line":57,"column":36},"end":{"line":66,"column":1}},"line":57},"8":{"name":"(anonymous_8)","decl":{"start":{"line":59,"column":37},"end":{"line":59,"column":38}},"loc":{"start":{"line":59,"column":58},"end":{"line":65,"column":3}},"line":59}},"branchMap":{"0":{"loc":{"start":{"line":24,"column":4},"end":{"line":28,"column":5}},"type":"if","locations":[{"start":{"line":24,"column":4},"end":{"line":28,"column":5}},{"start":{"line":24,"column":4},"end":{"line":28,"column":5}}],"line":24},"1":{"loc":{"start":{"line":49,"column":4},"end":{"line":53,"column":5}},"type":"if","locations":[{"start":{"line":49,"column":4},"end":{"line":53,"column":5}},{"start":{"line":49,"column":4},"end":{"line":53,"column":5}}],"line":49},"2":{"loc":{"start":{"line":60,"column":4},"end":{"line":64,"column":5}},"type":"if","locations":[{"start":{"line":60,"column":4},"end":{"line":64,"column":5}},{"start":{"line":60,"column":4},"end":{"line":64,"column":5}}],"line":60}},"s":{"0":2,"1":2,"2":2,"3":2,"4":4,"5":4,"6":0,"7":4,"8":2,"9":0,"10":0,"11":2,"12":2,"13":2,"14":2,"15":1,"16":2,"17":0,"18":0,"19":0,"20":0,"21":0,"22":2,"23":0,"24":0,"25":0,"26":0,"27":0,"28":2},"f":{"0":4,"1":4,"2":0,"3":2,"4":1,"5":0,"6":0,"7":0,"8":0},"b":{"0":[0,4],"1":[0,0],"2":[0,0]},"_coverageSchema":"1a1c01bbd47fc00a2c39e90264f33305004495a9","hash":"519f79850c6dd92b5e3bcfb547b2fa9923d8dff9"}
,"/Users/facundofarias/Repos/Nuclio/picturest-node/src/resources/users/users.router.js": {"path":"/Users/facundofarias/Repos/Nuclio/picturest-node/src/resources/users/users.router.js","statementMap":{"0":{"start":{"line":1,"column":19},"end":{"line":1,"column":37}},"1":{"start":{"line":2,"column":24},"end":{"line":2,"column":53}},"2":{"start":{"line":3,"column":17},"end":{"line":3,"column":45}},"3":{"start":{"line":4,"column":15},"end":{"line":4,"column":23}},"4":{"start":{"line":6,"column":0},"end":{"line":13,"column":28}},"5":{"start":{"line":14,"column":0},"end":{"line":18,"column":34}},"6":{"start":{"line":20,"column":0},"end":{"line":20,"column":24}}},"fnMap":{},"branchMap":{},"s":{"0":2,"1":2,"2":2,"3":2,"4":2,"5":2,"6":2},"f":{},"b":{},"_coverageSchema":"1a1c01bbd47fc00a2c39e90264f33305004495a9","hash":"da30e07e241f0cf792e79f92555518dcd44f9999"}
,"/Users/facundofarias/Repos/Nuclio/picturest-node/src/utils/arrayUtils.js": {"path":"/Users/facundofarias/Repos/Nuclio/picturest-node/src/utils/arrayUtils.js","statementMap":{"0":{"start":{"line":1,"column":31},"end":{"line":3,"column":1}},"1":{"start":{"line":2,"column":4},"end":{"line":2,"column":52}},"2":{"start":{"line":2,"column":34},"end":{"line":2,"column":50}},"3":{"start":{"line":5,"column":0},"end":{"line":7,"column":2}}},"fnMap":{"0":{"name":"(anonymous_0)","decl":{"start":{"line":1,"column":31},"end":{"line":1,"column":32}},"loc":{"start":{"line":1,"column":51},"end":{"line":3,"column":1}},"line":1},"1":{"name":"(anonymous_1)","decl":{"start":{"line":2,"column":24},"end":{"line":2,"column":25}},"loc":{"start":{"line":2,"column":34},"end":{"line":2,"column":50}},"line":2}},"branchMap":{},"s":{"0":1,"1":4,"2":7,"3":1},"f":{"0":4,"1":7},"b":{},"_coverageSchema":"1a1c01bbd47fc00a2c39e90264f33305004495a9","hash":"74cf068dba4ac5d5e63f740b4e084f87c1825f33"}
,"/Users/facundofarias/Repos/Nuclio/picturest-node/tests/test.setup.js": {"path":"/Users/facundofarias/Repos/Nuclio/picturest-node/tests/test.setup.js","statementMap":{"0":{"start":{"line":1,"column":17},"end":{"line":1,"column":36}},"1":{"start":{"line":2,"column":0},"end":{"line":2,"column":37}},"2":{"start":{"line":3,"column":0},"end":{"line":3,"column":34}},"3":{"start":{"line":6,"column":22},"end":{"line":6,"column":66}},"4":{"start":{"line":7,"column":2},"end":{"line":10,"column":3}},"5":{"start":{"line":8,"column":23},"end":{"line":8,"column":70}},"6":{"start":{"line":9,"column":4},"end":{"line":9,"column":34}},"7":{"start":{"line":14,"column":22},"end":{"line":14,"column":66}},"8":{"start":{"line":15,"column":2},"end":{"line":28,"column":3}},"9":{"start":{"line":16,"column":23},"end":{"line":16,"column":70}},"10":{"start":{"line":17,"column":4},"end":{"line":27,"column":5}},"11":{"start":{"line":18,"column":6},"end":{"line":18,"column":30}},"12":{"start":{"line":21,"column":6},"end":{"line":21,"column":51}},"13":{"start":{"line":21,"column":44},"end":{"line":21,"column":51}},"14":{"start":{"line":24,"column":6},"end":{"line":25,"column":15}},"15":{"start":{"line":25,"column":8},"end":{"line":25,"column":15}},"16":{"start":{"line":26,"column":6},"end":{"line":26,"column":33}},"17":{"start":{"line":31,"column":0},"end":{"line":50,"column":2}},"18":{"start":{"line":34,"column":4},"end":{"line":37,"column":7}},"19":{"start":{"line":35,"column":18},"end":{"line":35,"column":79}},"20":{"start":{"line":36,"column":6},"end":{"line":36,"column":61}},"21":{"start":{"line":40,"column":4},"end":{"line":42,"column":7}},"22":{"start":{"line":41,"column":6},"end":{"line":41,"column":35}},"23":{"start":{"line":45,"column":4},"end":{"line":48,"column":7}},"24":{"start":{"line":46,"column":6},"end":{"line":46,"column":33}},"25":{"start":{"line":47,"column":6},"end":{"line":47,"column":40}}},"fnMap":{"0":{"name":"removeAllCollections","decl":{"start":{"line":5,"column":15},"end":{"line":5,"column":35}},"loc":{"start":{"line":5,"column":38},"end":{"line":11,"column":1}},"line":5},"1":{"name":"dropAllCollections","decl":{"start":{"line":13,"column":15},"end":{"line":13,"column":33}},"loc":{"start":{"line":13,"column":36},"end":{"line":29,"column":1}},"line":13},"2":{"name":"(anonymous_2)","decl":{"start":{"line":32,"column":2},"end":{"line":32,"column":3}},"loc":{"start":{"line":32,"column":27},"end":{"line":49,"column":3}},"line":32},"3":{"name":"(anonymous_3)","decl":{"start":{"line":34,"column":14},"end":{"line":34,"column":15}},"loc":{"start":{"line":34,"column":26},"end":{"line":37,"column":5}},"line":34},"4":{"name":"(anonymous_4)","decl":{"start":{"line":40,"column":14},"end":{"line":40,"column":15}},"loc":{"start":{"line":40,"column":26},"end":{"line":42,"column":5}},"line":40},"5":{"name":"(anonymous_5)","decl":{"start":{"line":45,"column":13},"end":{"line":45,"column":14}},"loc":{"start":{"line":45,"column":25},"end":{"line":48,"column":5}},"line":45}},"branchMap":{"0":{"loc":{"start":{"line":21,"column":6},"end":{"line":21,"column":51}},"type":"if","locations":[{"start":{"line":21,"column":6},"end":{"line":21,"column":51}},{"start":{"line":21,"column":6},"end":{"line":21,"column":51}}],"line":21},"1":{"loc":{"start":{"line":24,"column":6},"end":{"line":25,"column":15}},"type":"if","locations":[{"start":{"line":24,"column":6},"end":{"line":25,"column":15}},{"start":{"line":24,"column":6},"end":{"line":25,"column":15}}],"line":24}},"s":{"0":2,"1":2,"2":2,"3":8,"4":8,"5":24,"6":24,"7":2,"8":2,"9":3,"10":3,"11":3,"12":2,"13":2,"14":0,"15":0,"16":0,"17":2,"18":2,"19":2,"20":2,"21":2,"22":8,"23":2,"24":2,"25":2},"f":{"0":8,"1":2,"2":2,"3":2,"4":8,"5":2},"b":{"0":[2,0],"1":[0,0]},"_coverageSchema":"1a1c01bbd47fc00a2c39e90264f33305004495a9","hash":"d16c4c2a55913ca3a1cd1f0624de56e3a4168065"}
}
